#! /usr/local/bin/vvp
:ivl_version "12.0 (devel)" "(s20150603-1393-g42de9e646)";
:ivl_delay_selection "TYPICAL";
:vpi_time_precision - 12;
:vpi_module "/usr/local/lib/ivl/system.vpi";
:vpi_module "/usr/local/lib/ivl/vhdl_sys.vpi";
:vpi_module "/usr/local/lib/ivl/vhdl_textio.vpi";
:vpi_module "/usr/local/lib/ivl/v2005_math.vpi";
:vpi_module "/usr/local/lib/ivl/va_math.vpi";
S_0x562ae3e334a0 .scope module, "test_spi_crc" "test_spi_crc" 2 5;
 .timescale -12 -12;
P_0x562ae3ea3c50 .param/l "DATA_WIDTH" 0 2 16, +C4<00000000000000000000000000001000>;
v0x562ae3eed390_0 .var "clk_m", 0 0;
v0x562ae3eed4a0_0 .var "clk_s", 0 0;
v0x562ae3eed5b0_0 .var "data_in_master", 7 0;
v0x562ae3eed6a0_0 .var "data_in_slave", 7 0;
v0x562ae3eed790_0 .net "data_out_master", 7 0, v0x562ae3ee8d30_0;  1 drivers
v0x562ae3eed8f0_0 .net "data_out_slave", 7 0, v0x562ae3eeba20_0;  1 drivers
v0x562ae3eeda00_0 .net "finish", 0 0, v0x562ae3ee8ef0_0;  1 drivers
v0x562ae3eedaf0_0 .var "rst_n", 0 0;
v0x562ae3eedb90_0 .var "start", 0 0;
S_0x562ae3ebfaf0 .scope module, "l0" "spi_crc" 2 18, 3 4 0, S_0x562ae3e334a0;
 .timescale -12 -12;
    .port_info 0 /INPUT 1 "clk_m";
    .port_info 1 /INPUT 1 "clk_s";
    .port_info 2 /INPUT 1 "rst_n";
    .port_info 3 /INPUT 8 "data_in_master";
    .port_info 4 /INPUT 8 "data_in_slave";
    .port_info 5 /INPUT 1 "start";
    .port_info 6 /OUTPUT 1 "finish";
    .port_info 7 /OUTPUT 8 "data_out_master";
    .port_info 8 /OUTPUT 8 "data_out_slave";
P_0x562ae3ec1d80 .param/l "DATA_WIDTH" 0 3 16, +C4<00000000000000000000000000001000>;
v0x562ae3eec7f0_0 .net "clk_m", 0 0, v0x562ae3eed390_0;  1 drivers
v0x562ae3eec8e0_0 .net "clk_s", 0 0, v0x562ae3eed4a0_0;  1 drivers
v0x562ae3eec9b0_0 .net "data_in_master", 7 0, v0x562ae3eed5b0_0;  1 drivers
v0x562ae3eecab0_0 .net "data_in_slave", 7 0, v0x562ae3eed6a0_0;  1 drivers
v0x562ae3eecb80_0 .net "data_out_master", 7 0, v0x562ae3ee8d30_0;  alias, 1 drivers
v0x562ae3eecc20_0 .net "data_out_slave", 7 0, v0x562ae3eeba20_0;  alias, 1 drivers
v0x562ae3eeccf0_0 .net "finish", 0 0, v0x562ae3ee8ef0_0;  alias, 1 drivers
v0x562ae3eecdc0_0 .net "miso", 0 0, L_0x562ae3f00770;  1 drivers
v0x562ae3eeceb0_0 .net "mosi", 0 0, L_0x562ae3efe060;  1 drivers
v0x562ae3eecf50_0 .net "rst_n", 0 0, v0x562ae3eedaf0_0;  1 drivers
v0x562ae3eed040_0 .net "sclk", 0 0, v0x562ae3ee9390_0;  1 drivers
v0x562ae3eed130_0 .net "ss", 0 0, v0x562ae3ee9750_0;  1 drivers
v0x562ae3eed220_0 .net "start", 0 0, v0x562ae3eedb90_0;  1 drivers
S_0x562ae3ec08e0 .scope module, "m0" "master_crc_spi" 3 23, 4 10 0, S_0x562ae3ebfaf0;
 .timescale -12 -12;
    .port_info 0 /INPUT 1 "clk_m";
    .port_info 1 /INPUT 1 "rst_n";
    .port_info 2 /INPUT 8 "data_in_master";
    .port_info 3 /INPUT 1 "start";
    .port_info 4 /INPUT 1 "miso";
    .port_info 5 /OUTPUT 1 "sclk_m";
    .port_info 6 /OUTPUT 1 "mosi";
    .port_info 7 /OUTPUT 1 "finish";
    .port_info 8 /OUTPUT 1 "ss";
    .port_info 9 /OUTPUT 8 "data_out_master";
L_0x562ae3ec6540 .functor AND 1, v0x562ae3ee9390_0, L_0x562ae3efe1f0, C4<1>, C4<1>;
L_0x562ae3ec7250 .functor AND 1, L_0x562ae3efe5f0, v0x562ae3ee95d0_0, C4<1>, C4<1>;
v0x562ae3e673e0_0 .var "LFSR", 4 0;
v0x562ae3eb6260_0 .net *"_ivl_0", 31 0, L_0x562ae3eedcc0;  1 drivers
v0x562ae3eb6300_0 .net *"_ivl_11", 0 0, L_0x562ae3efdfc0;  1 drivers
v0x562ae3eb7090_0 .net *"_ivl_15", 0 0, L_0x562ae3efe1f0;  1 drivers
v0x562ae3eb7130_0 .net *"_ivl_17", 0 0, L_0x562ae3ec6540;  1 drivers
L_0x7fdb8e0f00a8 .functor BUFT 1, C4<01>, C4<0>, C4<0>, C4<0>;
v0x562ae3eb7760_0 .net/2s *"_ivl_18", 1 0, L_0x7fdb8e0f00a8;  1 drivers
L_0x7fdb8e0f00f0 .functor BUFT 1, C4<00>, C4<0>, C4<0>, C4<0>;
v0x562ae3eb7830_0 .net/2s *"_ivl_20", 1 0, L_0x7fdb8e0f00f0;  1 drivers
v0x562ae3ee73b0_0 .net *"_ivl_22", 1 0, L_0x562ae3efe320;  1 drivers
v0x562ae3ee7490_0 .net *"_ivl_27", 0 0, L_0x562ae3efe5f0;  1 drivers
v0x562ae3ee7550_0 .net *"_ivl_29", 0 0, L_0x562ae3ec7250;  1 drivers
L_0x7fdb8e0f0018 .functor BUFT 1, C4<0000000000000000000000000000>, C4<0>, C4<0>, C4<0>;
v0x562ae3ee7610_0 .net *"_ivl_3", 27 0, L_0x7fdb8e0f0018;  1 drivers
L_0x7fdb8e0f0138 .functor BUFT 1, C4<01>, C4<0>, C4<0>, C4<0>;
v0x562ae3ee76f0_0 .net/2s *"_ivl_30", 1 0, L_0x7fdb8e0f0138;  1 drivers
L_0x7fdb8e0f0180 .functor BUFT 1, C4<00>, C4<0>, C4<0>, C4<0>;
v0x562ae3ee77d0_0 .net/2s *"_ivl_32", 1 0, L_0x7fdb8e0f0180;  1 drivers
v0x562ae3ee78b0_0 .net *"_ivl_34", 1 0, L_0x562ae3efe7c0;  1 drivers
v0x562ae3ee7990_0 .net *"_ivl_38", 31 0, L_0x562ae3efea50;  1 drivers
L_0x7fdb8e0f0060 .functor BUFT 1, C4<00000000000000000000000000001000>, C4<0>, C4<0>, C4<0>;
v0x562ae3ee7a70_0 .net/2u *"_ivl_4", 31 0, L_0x7fdb8e0f0060;  1 drivers
L_0x7fdb8e0f01c8 .functor BUFT 1, C4<000000000000000000000000000000>, C4<0>, C4<0>, C4<0>;
v0x562ae3ee7b50_0 .net *"_ivl_41", 29 0, L_0x7fdb8e0f01c8;  1 drivers
L_0x7fdb8e0f0210 .functor BUFT 1, C4<00000000000000000000000000000010>, C4<0>, C4<0>, C4<0>;
v0x562ae3ee7c30_0 .net/2u *"_ivl_42", 31 0, L_0x7fdb8e0f0210;  1 drivers
v0x562ae3ee7d10_0 .net *"_ivl_44", 0 0, L_0x562ae3efebb0;  1 drivers
L_0x7fdb8e0f0258 .functor BUFT 1, C4<0>, C4<0>, C4<0>, C4<0>;
v0x562ae3ee7dd0_0 .net/2u *"_ivl_46", 0 0, L_0x7fdb8e0f0258;  1 drivers
v0x562ae3ee7eb0_0 .net *"_ivl_50", 31 0, L_0x562ae3efef40;  1 drivers
L_0x7fdb8e0f02a0 .functor BUFT 1, C4<000000000000000000000000000000>, C4<0>, C4<0>, C4<0>;
v0x562ae3ee7f90_0 .net *"_ivl_53", 29 0, L_0x7fdb8e0f02a0;  1 drivers
L_0x7fdb8e0f02e8 .functor BUFT 1, C4<00000000000000000000000000000010>, C4<0>, C4<0>, C4<0>;
v0x562ae3ee8070_0 .net/2u *"_ivl_54", 31 0, L_0x7fdb8e0f02e8;  1 drivers
v0x562ae3ee8150_0 .net *"_ivl_56", 0 0, L_0x562ae3eff080;  1 drivers
L_0x7fdb8e0f0330 .functor BUFT 1, C4<0>, C4<0>, C4<0>, C4<0>;
v0x562ae3ee8210_0 .net/2u *"_ivl_58", 0 0, L_0x7fdb8e0f0330;  1 drivers
v0x562ae3ee82f0_0 .net *"_ivl_6", 0 0, L_0x562ae3efdde0;  1 drivers
v0x562ae3ee83b0_0 .net *"_ivl_9", 0 0, L_0x562ae3efdf20;  1 drivers
v0x562ae3ee8490_0 .var "c_state", 1 0;
v0x562ae3ee8570_0 .net "clk_m", 0 0, v0x562ae3eed390_0;  alias, 1 drivers
v0x562ae3ee8630_0 .var "cnt_clock", 3 0;
v0x562ae3ee8710_0 .var "cnt_crc", 3 0;
v0x562ae3ee87f0_0 .var "cnt_data_width", 3 0;
v0x562ae3ee88d0_0 .var "crc_code", 3 0;
v0x562ae3ee89b0_0 .var "crc_code_r", 3 0;
v0x562ae3ee8a90_0 .var "data_crc", 11 0;
v0x562ae3ee8b70_0 .net "data_in_master", 7 0, v0x562ae3eed5b0_0;  alias, 1 drivers
v0x562ae3ee8c50_0 .var "data_in_master_r", 7 0;
v0x562ae3ee8d30_0 .var "data_out_master", 7 0;
v0x562ae3ee8e10_0 .var "data_out_master_r", 7 0;
v0x562ae3ee8ef0_0 .var "finish", 0 0;
v0x562ae3ee8fb0_0 .net "miso", 0 0, L_0x562ae3f00770;  alias, 1 drivers
v0x562ae3ee9070_0 .net "mosi", 0 0, L_0x562ae3efe060;  alias, 1 drivers
v0x562ae3ee9130_0 .var "n_state", 1 0;
v0x562ae3ee9210_0 .net "rst_n", 0 0, v0x562ae3eedaf0_0;  alias, 1 drivers
v0x562ae3ee92d0_0 .net "sampl_en", 0 0, L_0x562ae3efed80;  1 drivers
v0x562ae3ee9390_0 .var "sclk_m", 0 0;
v0x562ae3ee9450_0 .net "sclk_m_neg", 0 0, L_0x562ae3efe960;  1 drivers
v0x562ae3ee9510_0 .net "sclk_m_pos", 0 0, L_0x562ae3efe4b0;  1 drivers
v0x562ae3ee95d0_0 .var "sclk_m_r0", 0 0;
v0x562ae3ee9690_0 .net "shift_en", 0 0, L_0x562ae3eff250;  1 drivers
v0x562ae3ee9750_0 .var "ss", 0 0;
v0x562ae3ee9810_0 .net "start", 0 0, v0x562ae3eedb90_0;  alias, 1 drivers
v0x562ae3ee98d0_0 .var "start_r0", 0 0;
v0x562ae3ee9990_0 .var "start_r1", 0 0;
E_0x562ae3e69f10/0 .event negedge, v0x562ae3ee9210_0;
E_0x562ae3e69f10/1 .event posedge, v0x562ae3ee8570_0;
E_0x562ae3e69f10 .event/or E_0x562ae3e69f10/0, E_0x562ae3e69f10/1;
E_0x562ae3e85f70 .event anyedge, v0x562ae3ee8490_0, v0x562ae3ee9810_0, v0x562ae3ee87f0_0;
L_0x562ae3eedcc0 .concat [ 4 28 0 0], v0x562ae3ee87f0_0, L_0x7fdb8e0f0018;
L_0x562ae3efdde0 .cmp/gt 32, L_0x7fdb8e0f0060, L_0x562ae3eedcc0;
L_0x562ae3efdf20 .part v0x562ae3ee8c50_0, 7, 1;
L_0x562ae3efdfc0 .part v0x562ae3ee89b0_0, 3, 1;
L_0x562ae3efe060 .functor MUXZ 1, L_0x562ae3efdfc0, L_0x562ae3efdf20, L_0x562ae3efdde0, C4<>;
L_0x562ae3efe1f0 .reduce/nor v0x562ae3ee95d0_0;
L_0x562ae3efe320 .functor MUXZ 2, L_0x7fdb8e0f00f0, L_0x7fdb8e0f00a8, L_0x562ae3ec6540, C4<>;
L_0x562ae3efe4b0 .part L_0x562ae3efe320, 0, 1;
L_0x562ae3efe5f0 .reduce/nor v0x562ae3ee9390_0;
L_0x562ae3efe7c0 .functor MUXZ 2, L_0x7fdb8e0f0180, L_0x7fdb8e0f0138, L_0x562ae3ec7250, C4<>;
L_0x562ae3efe960 .part L_0x562ae3efe7c0, 0, 1;
L_0x562ae3efea50 .concat [ 2 30 0 0], v0x562ae3ee9130_0, L_0x7fdb8e0f01c8;
L_0x562ae3efebb0 .cmp/ne 32, L_0x562ae3efea50, L_0x7fdb8e0f0210;
L_0x562ae3efed80 .functor MUXZ 1, L_0x562ae3efe960, L_0x7fdb8e0f0258, L_0x562ae3efebb0, C4<>;
L_0x562ae3efef40 .concat [ 2 30 0 0], v0x562ae3ee9130_0, L_0x7fdb8e0f02a0;
L_0x562ae3eff080 .cmp/ne 32, L_0x562ae3efef40, L_0x7fdb8e0f02e8;
L_0x562ae3eff250 .functor MUXZ 1, L_0x562ae3efe4b0, L_0x7fdb8e0f0330, L_0x562ae3eff080, C4<>;
S_0x562ae3ee9bf0 .scope module, "s0" "slave_crc_spi" 3 36, 5 5 0, S_0x562ae3ebfaf0;
 .timescale -12 -12;
    .port_info 0 /INPUT 1 "clk_s";
    .port_info 1 /INPUT 1 "sclk_s";
    .port_info 2 /INPUT 1 "ss";
    .port_info 3 /INPUT 1 "rst_n";
    .port_info 4 /INPUT 1 "mosi";
    .port_info 5 /INPUT 8 "data_in_slave";
    .port_info 6 /OUTPUT 1 "miso";
    .port_info 7 /OUTPUT 8 "data_out_slave";
    .port_info 8 /OUTPUT 1 "data_valid";
L_0x562ae3efeaf0 .functor AND 1, v0x562ae3ee9390_0, L_0x562ae3eff3e0, C4<1>, C4<1>;
L_0x562ae3ec8320 .functor AND 1, L_0x562ae3eff750, v0x562ae3eec320_0, C4<1>, C4<1>;
L_0x562ae3e671c0 .functor AND 1, L_0x562ae3f00380, v0x562ae3eec610_0, C4<1>, C4<1>;
v0x562ae3ee9ef0_0 .var "LFSR", 4 0;
v0x562ae3ee9ff0_0 .net *"_ivl_1", 0 0, L_0x562ae3eff3e0;  1 drivers
v0x562ae3eea0b0_0 .net *"_ivl_13", 0 0, L_0x562ae3eff750;  1 drivers
v0x562ae3eea150_0 .net *"_ivl_15", 0 0, L_0x562ae3ec8320;  1 drivers
L_0x7fdb8e0f0408 .functor BUFT 1, C4<01>, C4<0>, C4<0>, C4<0>;
v0x562ae3eea210_0 .net/2s *"_ivl_16", 1 0, L_0x7fdb8e0f0408;  1 drivers
L_0x7fdb8e0f0450 .functor BUFT 1, C4<00>, C4<0>, C4<0>, C4<0>;
v0x562ae3eea340_0 .net/2s *"_ivl_18", 1 0, L_0x7fdb8e0f0450;  1 drivers
v0x562ae3eea420_0 .net *"_ivl_20", 1 0, L_0x562ae3eff8c0;  1 drivers
v0x562ae3eea500_0 .net *"_ivl_24", 31 0, L_0x562ae3effb80;  1 drivers
L_0x7fdb8e0f0498 .functor BUFT 1, C4<0000000000000000000000000000000>, C4<0>, C4<0>, C4<0>;
v0x562ae3eea5e0_0 .net *"_ivl_27", 30 0, L_0x7fdb8e0f0498;  1 drivers
L_0x7fdb8e0f04e0 .functor BUFT 1, C4<00000000000000000000000000000001>, C4<0>, C4<0>, C4<0>;
v0x562ae3eea6c0_0 .net/2u *"_ivl_28", 31 0, L_0x7fdb8e0f04e0;  1 drivers
v0x562ae3eea7a0_0 .net *"_ivl_3", 0 0, L_0x562ae3efeaf0;  1 drivers
v0x562ae3eea860_0 .net *"_ivl_30", 0 0, L_0x562ae3effc70;  1 drivers
L_0x7fdb8e0f0528 .functor BUFT 1, C4<0>, C4<0>, C4<0>, C4<0>;
v0x562ae3eea920_0 .net/2u *"_ivl_32", 0 0, L_0x7fdb8e0f0528;  1 drivers
v0x562ae3eeaa00_0 .net *"_ivl_36", 31 0, L_0x562ae3efff90;  1 drivers
L_0x7fdb8e0f0570 .functor BUFT 1, C4<0000000000000000000000000000000>, C4<0>, C4<0>, C4<0>;
v0x562ae3eeaae0_0 .net *"_ivl_39", 30 0, L_0x7fdb8e0f0570;  1 drivers
L_0x7fdb8e0f0378 .functor BUFT 1, C4<01>, C4<0>, C4<0>, C4<0>;
v0x562ae3eeabc0_0 .net/2s *"_ivl_4", 1 0, L_0x7fdb8e0f0378;  1 drivers
L_0x7fdb8e0f05b8 .functor BUFT 1, C4<00000000000000000000000000000001>, C4<0>, C4<0>, C4<0>;
v0x562ae3eeaca0_0 .net/2u *"_ivl_40", 31 0, L_0x7fdb8e0f05b8;  1 drivers
v0x562ae3eead80_0 .net *"_ivl_42", 0 0, L_0x562ae3f00090;  1 drivers
L_0x7fdb8e0f0600 .functor BUFT 1, C4<0>, C4<0>, C4<0>, C4<0>;
v0x562ae3eeae40_0 .net/2u *"_ivl_44", 0 0, L_0x7fdb8e0f0600;  1 drivers
v0x562ae3eeaf20_0 .net *"_ivl_49", 0 0, L_0x562ae3f00380;  1 drivers
v0x562ae3eeafe0_0 .net *"_ivl_51", 0 0, L_0x562ae3e671c0;  1 drivers
L_0x7fdb8e0f0648 .functor BUFT 1, C4<01>, C4<0>, C4<0>, C4<0>;
v0x562ae3eeb0a0_0 .net/2s *"_ivl_52", 1 0, L_0x7fdb8e0f0648;  1 drivers
L_0x7fdb8e0f0690 .functor BUFT 1, C4<00>, C4<0>, C4<0>, C4<0>;
v0x562ae3eeb180_0 .net/2s *"_ivl_54", 1 0, L_0x7fdb8e0f0690;  1 drivers
v0x562ae3eeb260_0 .net *"_ivl_56", 1 0, L_0x562ae3f00470;  1 drivers
L_0x7fdb8e0f03c0 .functor BUFT 1, C4<00>, C4<0>, C4<0>, C4<0>;
v0x562ae3eeb340_0 .net/2s *"_ivl_6", 1 0, L_0x7fdb8e0f03c0;  1 drivers
v0x562ae3eeb420_0 .net *"_ivl_8", 1 0, L_0x562ae3eff4d0;  1 drivers
v0x562ae3eeb500_0 .net "clk_s", 0 0, v0x562ae3eed4a0_0;  alias, 1 drivers
v0x562ae3eeb5c0_0 .var "cnt", 3 0;
v0x562ae3eeb6a0_0 .var "cnt_crc", 4 0;
v0x562ae3eeb780_0 .var "crc_code", 3 0;
v0x562ae3eeb860_0 .net "data_in_slave", 7 0, v0x562ae3eed6a0_0;  alias, 1 drivers
v0x562ae3eeb940_0 .var "data_in_slave_r", 7 0;
v0x562ae3eeba20_0 .var "data_out_slave", 7 0;
v0x562ae3eebd10_0 .var "data_valid", 0 0;
v0x562ae3eebdd0_0 .net "miso", 0 0, L_0x562ae3f00770;  alias, 1 drivers
v0x562ae3eebe70_0 .net "mosi", 0 0, L_0x562ae3efe060;  alias, 1 drivers
v0x562ae3eebf10_0 .var "mosi_data", 11 0;
v0x562ae3eebfb0_0 .net "rst_n", 0 0, v0x562ae3eedaf0_0;  alias, 1 drivers
v0x562ae3eec050_0 .net "sampl_en", 0 0, L_0x562ae3effe00;  1 drivers
v0x562ae3eec0f0_0 .net "sclk_s", 0 0, v0x562ae3ee9390_0;  alias, 1 drivers
v0x562ae3eec1c0_0 .net "sclk_s_neg", 0 0, L_0x562ae3effa50;  1 drivers
v0x562ae3eec260_0 .net "sclk_s_pos", 0 0, L_0x562ae3eff660;  1 drivers
v0x562ae3eec320_0 .var "sclk_s_r0", 0 0;
v0x562ae3eec3e0_0 .net "shift_en", 0 0, L_0x562ae3f00180;  1 drivers
v0x562ae3eec4a0_0 .net "ss", 0 0, v0x562ae3ee9750_0;  alias, 1 drivers
v0x562ae3eec570_0 .net "ss_neg", 0 0, L_0x562ae3f00680;  1 drivers
v0x562ae3eec610_0 .var "ss_r0", 0 0;
E_0x562ae3e86160/0 .event negedge, v0x562ae3ee9210_0;
E_0x562ae3e86160/1 .event posedge, v0x562ae3eeb500_0;
E_0x562ae3e86160 .event/or E_0x562ae3e86160/0, E_0x562ae3e86160/1;
L_0x562ae3eff3e0 .reduce/nor v0x562ae3eec320_0;
L_0x562ae3eff4d0 .functor MUXZ 2, L_0x7fdb8e0f03c0, L_0x7fdb8e0f0378, L_0x562ae3efeaf0, C4<>;
L_0x562ae3eff660 .part L_0x562ae3eff4d0, 0, 1;
L_0x562ae3eff750 .reduce/nor v0x562ae3ee9390_0;
L_0x562ae3eff8c0 .functor MUXZ 2, L_0x7fdb8e0f0450, L_0x7fdb8e0f0408, L_0x562ae3ec8320, C4<>;
L_0x562ae3effa50 .part L_0x562ae3eff8c0, 0, 1;
L_0x562ae3effb80 .concat [ 1 31 0 0], v0x562ae3ee9750_0, L_0x7fdb8e0f0498;
L_0x562ae3effc70 .cmp/eq 32, L_0x562ae3effb80, L_0x7fdb8e0f04e0;
L_0x562ae3effe00 .functor MUXZ 1, L_0x562ae3effa50, L_0x7fdb8e0f0528, L_0x562ae3effc70, C4<>;
L_0x562ae3efff90 .concat [ 1 31 0 0], v0x562ae3ee9750_0, L_0x7fdb8e0f0570;
L_0x562ae3f00090 .cmp/eq 32, L_0x562ae3efff90, L_0x7fdb8e0f05b8;
L_0x562ae3f00180 .functor MUXZ 1, L_0x562ae3eff660, L_0x7fdb8e0f0600, L_0x562ae3f00090, C4<>;
L_0x562ae3f00380 .reduce/nor v0x562ae3ee9750_0;
L_0x562ae3f00470 .functor MUXZ 2, L_0x7fdb8e0f0690, L_0x7fdb8e0f0648, L_0x562ae3e671c0, C4<>;
L_0x562ae3f00680 .part L_0x562ae3f00470, 0, 1;
L_0x562ae3f00770 .part v0x562ae3eeb940_0, 7, 1;
    .scope S_0x562ae3ec08e0;
T_0 ;
    %wait E_0x562ae3e69f10;
    %load/vec4 v0x562ae3ee9210_0;
    %nor/r;
    %flag_set/vec4 8;
    %jmp/0xz  T_0.0, 8;
    %pushi/vec4 0, 0, 2;
    %assign/vec4 v0x562ae3ee8490_0, 0;
    %jmp T_0.1;
T_0.0 ;
    %load/vec4 v0x562ae3ee9130_0;
    %assign/vec4 v0x562ae3ee8490_0, 0;
T_0.1 ;
    %jmp T_0;
    .thread T_0;
    .scope S_0x562ae3ec08e0;
T_1 ;
    %wait E_0x562ae3e85f70;
    %load/vec4 v0x562ae3ee8490_0;
    %dup/vec4;
    %pushi/vec4 0, 0, 2;
    %cmp/u;
    %jmp/1 T_1.0, 6;
    %dup/vec4;
    %pushi/vec4 1, 0, 2;
    %cmp/u;
    %jmp/1 T_1.1, 6;
    %dup/vec4;
    %pushi/vec4 2, 0, 2;
    %cmp/u;
    %jmp/1 T_1.2, 6;
    %dup/vec4;
    %pushi/vec4 3, 0, 2;
    %cmp/u;
    %jmp/1 T_1.3, 6;
    %pushi/vec4 0, 0, 2;
    %assign/vec4 v0x562ae3ee9130_0, 0;
    %jmp T_1.5;
T_1.0 ;
    %load/vec4 v0x562ae3ee9810_0;
    %flag_set/vec4 8;
    %jmp/0 T_1.6, 8;
    %pushi/vec4 1, 0, 2;
    %jmp/1 T_1.7, 8;
T_1.6 ; End of true expr.
    %pushi/vec4 0, 0, 2;
    %jmp/0 T_1.7, 8;
 ; End of false expr.
    %blend;
T_1.7;
    %assign/vec4 v0x562ae3ee9130_0, 0;
    %jmp T_1.5;
T_1.1 ;
    %pushi/vec4 2, 0, 2;
    %assign/vec4 v0x562ae3ee9130_0, 0;
    %jmp T_1.5;
T_1.2 ;
    %load/vec4 v0x562ae3ee87f0_0;
    %pad/u 32;
    %cmpi/e 12, 0, 32;
    %flag_mov 8, 4;
    %jmp/0 T_1.8, 8;
    %pushi/vec4 3, 0, 3;
    %jmp/1 T_1.9, 8;
T_1.8 ; End of true expr.
    %pushi/vec4 2, 0, 3;
    %jmp/0 T_1.9, 8;
 ; End of false expr.
    %blend;
T_1.9;
    %pad/s 2;
    %assign/vec4 v0x562ae3ee9130_0, 0;
    %jmp T_1.5;
T_1.3 ;
    %pushi/vec4 0, 0, 2;
    %assign/vec4 v0x562ae3ee9130_0, 0;
    %jmp T_1.5;
T_1.5 ;
    %pop/vec4 1;
    %jmp T_1;
    .thread T_1, $push;
    .scope S_0x562ae3ec08e0;
T_2 ;
    %wait E_0x562ae3e69f10;
    %load/vec4 v0x562ae3ee9210_0;
    %nor/r;
    %flag_set/vec4 8;
    %jmp/0xz  T_2.0, 8;
    %pushi/vec4 0, 0, 4;
    %assign/vec4 v0x562ae3ee8630_0, 0;
    %pushi/vec4 0, 0, 1;
    %assign/vec4 v0x562ae3ee8ef0_0, 0;
    %pushi/vec4 1, 0, 1;
    %assign/vec4 v0x562ae3ee9750_0, 0;
    %pushi/vec4 0, 0, 8;
    %assign/vec4 v0x562ae3ee8c50_0, 0;
    %pushi/vec4 0, 0, 8;
    %assign/vec4 v0x562ae3ee8d30_0, 0;
    %pushi/vec4 0, 0, 8;
    %assign/vec4 v0x562ae3ee8e10_0, 0;
    %pushi/vec4 0, 0, 12;
    %assign/vec4 v0x562ae3ee8a90_0, 0;
    %pushi/vec4 0, 0, 4;
    %assign/vec4 v0x562ae3ee88d0_0, 0;
    %jmp T_2.1;
T_2.0 ;
    %load/vec4 v0x562ae3ee9130_0;
    %dup/vec4;
    %pushi/vec4 0, 0, 2;
    %cmp/u;
    %jmp/1 T_2.2, 6;
    %dup/vec4;
    %pushi/vec4 1, 0, 2;
    %cmp/u;
    %jmp/1 T_2.3, 6;
    %dup/vec4;
    %pushi/vec4 2, 0, 2;
    %cmp/u;
    %jmp/1 T_2.4, 6;
    %dup/vec4;
    %pushi/vec4 3, 0, 2;
    %cmp/u;
    %jmp/1 T_2.5, 6;
    %jmp T_2.6;
T_2.2 ;
    %pushi/vec4 0, 0, 4;
    %assign/vec4 v0x562ae3ee8630_0, 0;
    %pushi/vec4 0, 0, 4;
    %assign/vec4 v0x562ae3ee8710_0, 0;
    %pushi/vec4 0, 0, 4;
    %assign/vec4 v0x562ae3ee87f0_0, 0;
    %pushi/vec4 0, 0, 1;
    %assign/vec4 v0x562ae3ee8ef0_0, 0;
    %pushi/vec4 1, 0, 1;
    %assign/vec4 v0x562ae3ee9750_0, 0;
    %load/vec4 v0x562ae3ee8d30_0;
    %assign/vec4 v0x562ae3ee8d30_0, 0;
    %pushi/vec4 0, 0, 4;
    %assign/vec4 v0x562ae3ee88d0_0, 0;
    %jmp T_2.6;
T_2.3 ;
    %pushi/vec4 0, 0, 1;
    %assign/vec4 v0x562ae3ee9750_0, 0;
    %load/vec4 v0x562ae3ee8b70_0;
    %assign/vec4 v0x562ae3ee8c50_0, 0;
    %pushi/vec4 0, 0, 8;
    %assign/vec4 v0x562ae3ee8d30_0, 0;
    %pushi/vec4 0, 0, 8;
    %assign/vec4 v0x562ae3ee8e10_0, 0;
    %pushi/vec4 1, 0, 4;
    %assign/vec4 v0x562ae3ee87f0_0, 0;
    %load/vec4 v0x562ae3ee8b70_0;
    %concati/vec4 0, 0, 4;
    %assign/vec4 v0x562ae3ee8a90_0, 0;
    %load/vec4 v0x562ae3ee8b70_0;
    %parti/s 1, 7, 4;
    %inv;
    %load/vec4 v0x562ae3ee8b70_0;
    %parti/s 1, 6, 4;
    %concat/vec4; draw_concat_vec4
    %load/vec4 v0x562ae3ee8b70_0;
    %parti/s 1, 5, 4;
    %concat/vec4; draw_concat_vec4
    %load/vec4 v0x562ae3ee8b70_0;
    %parti/s 1, 4, 4;
    %inv;
    %concat/vec4; draw_concat_vec4
    %load/vec4 v0x562ae3ee8b70_0;
    %parti/s 1, 3, 3;
    %inv;
    %concat/vec4; draw_concat_vec4
    %assign/vec4 v0x562ae3e673e0_0, 0;
    %pushi/vec4 5, 0, 4;
    %assign/vec4 v0x562ae3ee8710_0, 0;
    %jmp T_2.6;
T_2.4 ;
    %load/vec4 v0x562ae3ee8630_0;
    %pad/u 32;
    %cmpi/u 10, 0, 32;
    %jmp/0xz  T_2.7, 5;
    %load/vec4 v0x562ae3ee8630_0;
    %addi 1, 0, 4;
    %assign/vec4 v0x562ae3ee8630_0, 0;
    %jmp T_2.8;
T_2.7 ;
    %pushi/vec4 1, 0, 4;
    %assign/vec4 v0x562ae3ee8630_0, 0;
T_2.8 ;
    %load/vec4 v0x562ae3ee92d0_0;
    %flag_set/vec4 8;
    %jmp/0xz  T_2.9, 8;
    %load/vec4 v0x562ae3ee87f0_0;
    %addi 1, 0, 4;
    %assign/vec4 v0x562ae3ee87f0_0, 0;
    %jmp T_2.10;
T_2.9 ;
    %load/vec4 v0x562ae3ee87f0_0;
    %assign/vec4 v0x562ae3ee87f0_0, 0;
T_2.10 ;
    %load/vec4 v0x562ae3ee9690_0;
    %flag_set/vec4 8;
    %jmp/0xz  T_2.11, 8;
    %load/vec4 v0x562ae3ee8c50_0;
    %parti/s 7, 0, 2;
    %concati/vec4 0, 0, 1;
    %assign/vec4 v0x562ae3ee8c50_0, 0;
    %jmp T_2.12;
T_2.11 ;
    %load/vec4 v0x562ae3ee8c50_0;
    %assign/vec4 v0x562ae3ee8c50_0, 0;
T_2.12 ;
    %pushi/vec4 1, 0, 1;
    %flag_set/vec4 9;
    %flag_get/vec4 9;
    %jmp/0 T_2.16, 9;
    %load/vec4 v0x562ae3ee9990_0;
    %and;
T_2.16;
    %flag_set/vec4 8;
    %jmp/1 T_2.15, 8;
    %load/vec4 v0x562ae3ee92d0_0;
    %flag_set/vec4 10;
    %flag_get/vec4 10;
    %jmp/0 T_2.17, 10;
    %load/vec4 v0x562ae3ee87f0_0;
    %pad/u 32;
    %cmpi/u 8, 0, 32;
    %flag_get/vec4 5;
    %and;
T_2.17;
    %flag_set/vec4 9;
    %flag_or 8, 9;
T_2.15;
    %jmp/0xz  T_2.13, 8;
    %load/vec4 v0x562ae3ee8e10_0;
    %parti/s 7, 0, 2;
    %load/vec4 v0x562ae3ee8fb0_0;
    %concat/vec4; draw_concat_vec4
    %assign/vec4 v0x562ae3ee8e10_0, 0;
    %jmp T_2.14;
T_2.13 ;
    %load/vec4 v0x562ae3ee8e10_0;
    %assign/vec4 v0x562ae3ee8e10_0, 0;
T_2.14 ;
    %load/vec4 v0x562ae3ee87f0_0;
    %pad/u 32;
    %cmpi/u 8, 0, 32;
    %flag_inv 5; GE is !LT
    %jmp/0xz  T_2.18, 5;
    %load/vec4 v0x562ae3ee8e10_0;
    %assign/vec4 v0x562ae3ee8d30_0, 0;
    %jmp T_2.19;
T_2.18 ;
    %pushi/vec4 0, 0, 8;
    %assign/vec4 v0x562ae3ee8d30_0, 0;
T_2.19 ;
    %load/vec4 v0x562ae3ee8710_0;
    %pad/u 32;
    %cmpi/u 12, 0, 32;
    %jmp/0xz  T_2.20, 5;
    %load/vec4 v0x562ae3ee8710_0;
    %addi 1, 0, 4;
    %assign/vec4 v0x562ae3ee8710_0, 0;
    %jmp T_2.21;
T_2.20 ;
    %load/vec4 v0x562ae3ee8710_0;
    %assign/vec4 v0x562ae3ee8710_0, 0;
T_2.21 ;
    %load/vec4 v0x562ae3ee8710_0;
    %pad/u 32;
    %cmpi/u 12, 0, 32;
    %jmp/0xz  T_2.22, 5;
    %load/vec4 v0x562ae3e673e0_0;
    %parti/s 1, 4, 4;
    %pad/u 32;
    %cmpi/e 1, 0, 32;
    %jmp/0xz  T_2.24, 4;
    %load/vec4 v0x562ae3e673e0_0;
    %parti/s 1, 3, 3;
    %load/vec4 v0x562ae3e673e0_0;
    %parti/s 1, 2, 3;
    %concat/vec4; draw_concat_vec4
    %load/vec4 v0x562ae3e673e0_0;
    %parti/s 1, 1, 2;
    %inv;
    %concat/vec4; draw_concat_vec4
    %load/vec4 v0x562ae3e673e0_0;
    %parti/s 1, 0, 2;
    %inv;
    %concat/vec4; draw_concat_vec4
    %load/vec4 v0x562ae3ee8a90_0;
    %pushi/vec4 11, 0, 32;
    %load/vec4 v0x562ae3ee8710_0;
    %pad/u 32;
    %sub;
    %part/u 1;
    %concat/vec4; draw_concat_vec4
    %assign/vec4 v0x562ae3e673e0_0, 0;
    %jmp T_2.25;
T_2.24 ;
    %load/vec4 v0x562ae3e673e0_0;
    %parti/s 4, 0, 2;
    %load/vec4 v0x562ae3ee8a90_0;
    %pushi/vec4 11, 0, 32;
    %load/vec4 v0x562ae3ee8710_0;
    %pad/u 32;
    %sub;
    %part/u 1;
    %concat/vec4; draw_concat_vec4
    %assign/vec4 v0x562ae3e673e0_0, 0;
T_2.25 ;
    %jmp T_2.23;
T_2.22 ;
    %load/vec4 v0x562ae3e673e0_0;
    %assign/vec4 v0x562ae3e673e0_0, 0;
    %load/vec4 v0x562ae3e673e0_0;
    %parti/s 1, 3, 3;
    %load/vec4 v0x562ae3e673e0_0;
    %parti/s 1, 2, 3;
    %concat/vec4; draw_concat_vec4
    %load/vec4 v0x562ae3e673e0_0;
    %parti/s 1, 1, 2;
    %inv;
    %concat/vec4; draw_concat_vec4
    %load/vec4 v0x562ae3e673e0_0;
    %parti/s 1, 0, 2;
    %inv;
    %concat/vec4; draw_concat_vec4
    %assign/vec4 v0x562ae3ee88d0_0, 0;
    %load/vec4 v0x562ae3ee87f0_0;
    %pad/u 32;
    %cmpi/u 8, 0, 32;
    %flag_or 5, 4;
    %jmp/0xz  T_2.26, 5;
    %load/vec4 v0x562ae3ee88d0_0;
    %assign/vec4 v0x562ae3ee89b0_0, 0;
    %jmp T_2.27;
T_2.26 ;
    %load/vec4 v0x562ae3ee9690_0;
    %flag_set/vec4 8;
    %jmp/0xz  T_2.28, 8;
    %load/vec4 v0x562ae3ee89b0_0;
    %parti/s 3, 0, 2;
    %concati/vec4 0, 0, 1;
    %assign/vec4 v0x562ae3ee89b0_0, 0;
    %jmp T_2.29;
T_2.28 ;
    %load/vec4 v0x562ae3ee89b0_0;
    %assign/vec4 v0x562ae3ee89b0_0, 0;
T_2.29 ;
T_2.27 ;
T_2.23 ;
    %jmp T_2.6;
T_2.5 ;
    %pushi/vec4 0, 0, 4;
    %assign/vec4 v0x562ae3ee87f0_0, 0;
    %pushi/vec4 0, 0, 4;
    %assign/vec4 v0x562ae3ee8630_0, 0;
    %pushi/vec4 1, 0, 1;
    %assign/vec4 v0x562ae3ee8ef0_0, 0;
    %pushi/vec4 1, 0, 1;
    %assign/vec4 v0x562ae3ee9750_0, 0;
    %load/vec4 v0x562ae3ee8d30_0;
    %assign/vec4 v0x562ae3ee8d30_0, 0;
    %pushi/vec4 0, 0, 4;
    %assign/vec4 v0x562ae3ee8710_0, 0;
    %pushi/vec4 0, 0, 12;
    %assign/vec4 v0x562ae3ee8a90_0, 0;
    %pushi/vec4 0, 0, 5;
    %assign/vec4 v0x562ae3e673e0_0, 0;
    %jmp T_2.6;
T_2.6 ;
    %pop/vec4 1;
T_2.1 ;
    %jmp T_2;
    .thread T_2;
    .scope S_0x562ae3ec08e0;
T_3 ;
    %wait E_0x562ae3e69f10;
    %load/vec4 v0x562ae3ee9210_0;
    %nor/r;
    %flag_set/vec4 8;
    %jmp/0xz  T_3.0, 8;
    %pushi/vec4 0, 0, 1;
    %assign/vec4 v0x562ae3ee9390_0, 0;
    %jmp T_3.1;
T_3.0 ;
    %load/vec4 v0x562ae3ee8490_0;
    %pad/u 32;
    %cmpi/e 2, 0, 32;
    %jmp/0xz  T_3.2, 4;
    %load/vec4 v0x562ae3ee8630_0;
    %pad/u 32;
    %cmpi/e 5, 0, 32;
    %jmp/1 T_3.6, 4;
    %flag_mov 8, 4;
    %load/vec4 v0x562ae3ee8630_0;
    %pad/u 32;
    %cmpi/e 10, 0, 32;
    %flag_or 4, 8;
T_3.6;
    %jmp/0xz  T_3.4, 4;
    %load/vec4 v0x562ae3ee9390_0;
    %inv;
    %assign/vec4 v0x562ae3ee9390_0, 0;
    %jmp T_3.5;
T_3.4 ;
    %load/vec4 v0x562ae3ee9390_0;
    %assign/vec4 v0x562ae3ee9390_0, 0;
T_3.5 ;
    %jmp T_3.3;
T_3.2 ;
    %pushi/vec4 0, 0, 1;
    %assign/vec4 v0x562ae3ee9390_0, 0;
T_3.3 ;
T_3.1 ;
    %jmp T_3;
    .thread T_3;
    .scope S_0x562ae3ec08e0;
T_4 ;
    %wait E_0x562ae3e69f10;
    %load/vec4 v0x562ae3ee9210_0;
    %nor/r;
    %flag_set/vec4 8;
    %jmp/0xz  T_4.0, 8;
    %pushi/vec4 0, 0, 1;
    %assign/vec4 v0x562ae3ee95d0_0, 0;
    %jmp T_4.1;
T_4.0 ;
    %load/vec4 v0x562ae3ee9390_0;
    %assign/vec4 v0x562ae3ee95d0_0, 0;
T_4.1 ;
    %jmp T_4;
    .thread T_4;
    .scope S_0x562ae3ec08e0;
T_5 ;
    %wait E_0x562ae3e69f10;
    %load/vec4 v0x562ae3ee9210_0;
    %nor/r;
    %flag_set/vec4 8;
    %jmp/0xz  T_5.0, 8;
    %pushi/vec4 0, 0, 1;
    %assign/vec4 v0x562ae3ee98d0_0, 0;
    %pushi/vec4 0, 0, 1;
    %assign/vec4 v0x562ae3ee9990_0, 0;
    %jmp T_5.1;
T_5.0 ;
    %load/vec4 v0x562ae3ee9810_0;
    %assign/vec4 v0x562ae3ee98d0_0, 0;
    %load/vec4 v0x562ae3ee98d0_0;
    %assign/vec4 v0x562ae3ee9990_0, 0;
T_5.1 ;
    %jmp T_5;
    .thread T_5;
    .scope S_0x562ae3ee9bf0;
T_6 ;
    %wait E_0x562ae3e86160;
    %load/vec4 v0x562ae3eebfb0_0;
    %nor/r;
    %flag_set/vec4 8;
    %jmp/0xz  T_6.0, 8;
    %pushi/vec4 0, 0, 1;
    %assign/vec4 v0x562ae3eec320_0, 0;
    %jmp T_6.1;
T_6.0 ;
    %load/vec4 v0x562ae3eec0f0_0;
    %assign/vec4 v0x562ae3eec320_0, 0;
T_6.1 ;
    %jmp T_6;
    .thread T_6;
    .scope S_0x562ae3ee9bf0;
T_7 ;
    %wait E_0x562ae3e86160;
    %load/vec4 v0x562ae3eebfb0_0;
    %nor/r;
    %flag_set/vec4 8;
    %jmp/0xz  T_7.0, 8;
    %pushi/vec4 0, 0, 1;
    %assign/vec4 v0x562ae3eec610_0, 0;
    %jmp T_7.1;
T_7.0 ;
    %load/vec4 v0x562ae3eec4a0_0;
    %assign/vec4 v0x562ae3eec610_0, 0;
T_7.1 ;
    %jmp T_7;
    .thread T_7;
    .scope S_0x562ae3ee9bf0;
T_8 ;
    %wait E_0x562ae3e86160;
    %load/vec4 v0x562ae3eebfb0_0;
    %nor/r;
    %flag_set/vec4 8;
    %jmp/0xz  T_8.0, 8;
    %pushi/vec4 0, 0, 8;
    %assign/vec4 v0x562ae3eeb940_0, 0;
    %jmp T_8.1;
T_8.0 ;
    %load/vec4 v0x562ae3eec570_0;
    %flag_set/vec4 8;
    %jmp/0xz  T_8.2, 8;
    %load/vec4 v0x562ae3eeb860_0;
    %assign/vec4 v0x562ae3eeb940_0, 0;
    %jmp T_8.3;
T_8.2 ;
    %load/vec4 v0x562ae3eec3e0_0;
    %flag_set/vec4 8;
    %jmp/0xz  T_8.4, 8;
    %load/vec4 v0x562ae3eeb940_0;
    %parti/s 7, 0, 2;
    %concati/vec4 0, 0, 1;
    %assign/vec4 v0x562ae3eeb940_0, 0;
    %jmp T_8.5;
T_8.4 ;
    %load/vec4 v0x562ae3eeb940_0;
    %assign/vec4 v0x562ae3eeb940_0, 0;
T_8.5 ;
T_8.3 ;
T_8.1 ;
    %jmp T_8;
    .thread T_8;
    .scope S_0x562ae3ee9bf0;
T_9 ;
    %wait E_0x562ae3e86160;
    %load/vec4 v0x562ae3eebfb0_0;
    %nor/r;
    %flag_set/vec4 8;
    %jmp/0xz  T_9.0, 8;
    %pushi/vec4 0, 0, 12;
    %assign/vec4 v0x562ae3eebf10_0, 0;
    %jmp T_9.1;
T_9.0 ;
    %load/vec4 v0x562ae3eec570_0;
    %flag_set/vec4 8;
    %jmp/0xz  T_9.2, 8;
    %load/vec4 v0x562ae3eebe70_0;
    %pad/u 12;
    %assign/vec4 v0x562ae3eebf10_0, 0;
    %jmp T_9.3;
T_9.2 ;
    %load/vec4 v0x562ae3eec050_0;
    %flag_set/vec4 8;
    %jmp/0xz  T_9.4, 8;
    %load/vec4 v0x562ae3eebf10_0;
    %parti/s 11, 0, 2;
    %load/vec4 v0x562ae3eebe70_0;
    %concat/vec4; draw_concat_vec4
    %assign/vec4 v0x562ae3eebf10_0, 0;
    %jmp T_9.5;
T_9.4 ;
    %load/vec4 v0x562ae3eebf10_0;
    %assign/vec4 v0x562ae3eebf10_0, 0;
T_9.5 ;
T_9.3 ;
T_9.1 ;
    %jmp T_9;
    .thread T_9;
    .scope S_0x562ae3ee9bf0;
T_10 ;
    %wait E_0x562ae3e86160;
    %load/vec4 v0x562ae3eebfb0_0;
    %nor/r;
    %flag_set/vec4 8;
    %jmp/0xz  T_10.0, 8;
    %pushi/vec4 0, 0, 4;
    %assign/vec4 v0x562ae3eeb5c0_0, 0;
    %jmp T_10.1;
T_10.0 ;
    %load/vec4 v0x562ae3eec570_0;
    %flag_set/vec4 8;
    %jmp/0xz  T_10.2, 8;
    %pushi/vec4 1, 0, 4;
    %assign/vec4 v0x562ae3eeb5c0_0, 0;
    %jmp T_10.3;
T_10.2 ;
    %load/vec4 v0x562ae3eec050_0;
    %flag_set/vec4 8;
    %jmp/0xz  T_10.4, 8;
    %load/vec4 v0x562ae3eeb5c0_0;
    %addi 1, 0, 4;
    %assign/vec4 v0x562ae3eeb5c0_0, 0;
    %jmp T_10.5;
T_10.4 ;
    %load/vec4 v0x562ae3eeb5c0_0;
    %assign/vec4 v0x562ae3eeb5c0_0, 0;
T_10.5 ;
T_10.3 ;
T_10.1 ;
    %jmp T_10;
    .thread T_10;
    .scope S_0x562ae3ee9bf0;
T_11 ;
    %wait E_0x562ae3e86160;
    %load/vec4 v0x562ae3eebfb0_0;
    %nor/r;
    %flag_set/vec4 8;
    %jmp/1 T_11.2, 8;
    %load/vec4 v0x562ae3eec570_0;
    %flag_set/vec4 9;
    %flag_or 8, 9;
T_11.2;
    %jmp/0xz  T_11.0, 8;
    %pushi/vec4 0, 0, 8;
    %assign/vec4 v0x562ae3eeba20_0, 0;
    %jmp T_11.1;
T_11.0 ;
    %load/vec4 v0x562ae3eeb5c0_0;
    %pad/u 32;
    %cmpi/e 7, 0, 32;
    %jmp/0xz  T_11.3, 4;
    %load/vec4 v0x562ae3eebf10_0;
    %parti/s 7, 0, 2;
    %load/vec4 v0x562ae3eebe70_0;
    %concat/vec4; draw_concat_vec4
    %assign/vec4 v0x562ae3eeba20_0, 0;
    %jmp T_11.4;
T_11.3 ;
    %load/vec4 v0x562ae3eeba20_0;
    %assign/vec4 v0x562ae3eeba20_0, 0;
T_11.4 ;
T_11.1 ;
    %jmp T_11;
    .thread T_11;
    .scope S_0x562ae3ee9bf0;
T_12 ;
    %wait E_0x562ae3e86160;
    %load/vec4 v0x562ae3eebfb0_0;
    %nor/r;
    %flag_set/vec4 8;
    %jmp/0xz  T_12.0, 8;
    %pushi/vec4 0, 0, 5;
    %assign/vec4 v0x562ae3ee9ef0_0, 0;
    %jmp T_12.1;
T_12.0 ;
    %load/vec4 v0x562ae3eeb5c0_0;
    %pad/u 32;
    %cmpi/e 11, 0, 32;
    %jmp/0xz  T_12.2, 4;
    %load/vec4 v0x562ae3eebf10_0;
    %parti/s 5, 6, 4;
    %assign/vec4 v0x562ae3ee9ef0_0, 0;
    %jmp T_12.3;
T_12.2 ;
    %load/vec4 v0x562ae3eeb5c0_0;
    %pad/u 32;
    %cmpi/e 12, 0, 32;
    %flag_get/vec4 4;
    %jmp/0 T_12.6, 4;
    %load/vec4 v0x562ae3eeb6a0_0;
    %pad/u 32;
    %cmpi/u 12, 0, 32;
    %flag_get/vec4 5;
    %and;
T_12.6;
    %flag_set/vec4 8;
    %jmp/0xz  T_12.4, 8;
    %load/vec4 v0x562ae3ee9ef0_0;
    %parti/s 1, 4, 4;
    %pad/u 32;
    %cmpi/e 1, 0, 32;
    %jmp/0xz  T_12.7, 4;
    %load/vec4 v0x562ae3ee9ef0_0;
    %parti/s 1, 3, 3;
    %ix/load 4, 4, 0;
    %ix/load 5, 0, 0;
    %flag_set/imm 4, 0;
    %assign/vec4/off/d v0x562ae3ee9ef0_0, 4, 5;
    %load/vec4 v0x562ae3ee9ef0_0;
    %parti/s 1, 2, 3;
    %ix/load 4, 3, 0;
    %ix/load 5, 0, 0;
    %flag_set/imm 4, 0;
    %assign/vec4/off/d v0x562ae3ee9ef0_0, 4, 5;
    %load/vec4 v0x562ae3ee9ef0_0;
    %parti/s 1, 1, 2;
    %inv;
    %ix/load 4, 2, 0;
    %ix/load 5, 0, 0;
    %flag_set/imm 4, 0;
    %assign/vec4/off/d v0x562ae3ee9ef0_0, 4, 5;
    %load/vec4 v0x562ae3ee9ef0_0;
    %parti/s 1, 0, 2;
    %inv;
    %ix/load 4, 1, 0;
    %ix/load 5, 0, 0;
    %flag_set/imm 4, 0;
    %assign/vec4/off/d v0x562ae3ee9ef0_0, 4, 5;
    %load/vec4 v0x562ae3eebf10_0;
    %pushi/vec4 11, 0, 32;
    %load/vec4 v0x562ae3eeb6a0_0;
    %pad/u 32;
    %sub;
    %part/u 1;
    %ix/load 4, 0, 0;
    %ix/load 5, 0, 0;
    %flag_set/imm 4, 0;
    %assign/vec4/off/d v0x562ae3ee9ef0_0, 4, 5;
    %jmp T_12.8;
T_12.7 ;
    %load/vec4 v0x562ae3ee9ef0_0;
    %parti/s 4, 0, 2;
    %load/vec4 v0x562ae3eebf10_0;
    %pushi/vec4 11, 0, 32;
    %load/vec4 v0x562ae3eeb6a0_0;
    %pad/u 32;
    %sub;
    %part/u 1;
    %concat/vec4; draw_concat_vec4
    %assign/vec4 v0x562ae3ee9ef0_0, 0;
T_12.8 ;
T_12.4 ;
T_12.3 ;
T_12.1 ;
    %jmp T_12;
    .thread T_12;
    .scope S_0x562ae3ee9bf0;
T_13 ;
    %wait E_0x562ae3e86160;
    %load/vec4 v0x562ae3eebfb0_0;
    %nor/r;
    %flag_set/vec4 8;
    %jmp/1 T_13.2, 8;
    %load/vec4 v0x562ae3eec570_0;
    %flag_set/vec4 9;
    %flag_or 8, 9;
T_13.2;
    %jmp/0xz  T_13.0, 8;
    %pushi/vec4 0, 0, 5;
    %assign/vec4 v0x562ae3eeb6a0_0, 0;
    %jmp T_13.1;
T_13.0 ;
    %load/vec4 v0x562ae3eeb5c0_0;
    %pad/u 32;
    %cmpi/e 11, 0, 32;
    %jmp/0xz  T_13.3, 4;
    %pushi/vec4 5, 0, 5;
    %assign/vec4 v0x562ae3eeb6a0_0, 0;
    %jmp T_13.4;
T_13.3 ;
    %load/vec4 v0x562ae3eeb5c0_0;
    %pad/u 32;
    %cmpi/e 12, 0, 32;
    %jmp/0xz  T_13.5, 4;
    %load/vec4 v0x562ae3eeb6a0_0;
    %addi 1, 0, 5;
    %assign/vec4 v0x562ae3eeb6a0_0, 0;
    %jmp T_13.6;
T_13.5 ;
    %pushi/vec4 0, 0, 5;
    %assign/vec4 v0x562ae3eeb6a0_0, 0;
T_13.6 ;
T_13.4 ;
T_13.1 ;
    %jmp T_13;
    .thread T_13;
    .scope S_0x562ae3ee9bf0;
T_14 ;
    %wait E_0x562ae3e86160;
    %load/vec4 v0x562ae3eebfb0_0;
    %nor/r;
    %flag_set/vec4 8;
    %jmp/1 T_14.2, 8;
    %load/vec4 v0x562ae3eec570_0;
    %flag_set/vec4 9;
    %flag_or 8, 9;
T_14.2;
    %jmp/0xz  T_14.0, 8;
    %pushi/vec4 15, 0, 4;
    %assign/vec4 v0x562ae3eeb780_0, 0;
    %jmp T_14.1;
T_14.0 ;
    %load/vec4 v0x562ae3eeb6a0_0;
    %pad/u 32;
    %cmpi/e 12, 0, 32;
    %jmp/0xz  T_14.3, 4;
    %load/vec4 v0x562ae3ee9ef0_0;
    %parti/s 1, 3, 3;
    %load/vec4 v0x562ae3ee9ef0_0;
    %parti/s 1, 2, 3;
    %concat/vec4; draw_concat_vec4
    %load/vec4 v0x562ae3ee9ef0_0;
    %parti/s 1, 1, 2;
    %inv;
    %concat/vec4; draw_concat_vec4
    %load/vec4 v0x562ae3ee9ef0_0;
    %parti/s 1, 0, 2;
    %inv;
    %concat/vec4; draw_concat_vec4
    %assign/vec4 v0x562ae3eeb780_0, 0;
    %jmp T_14.4;
T_14.3 ;
    %load/vec4 v0x562ae3eeb780_0;
    %assign/vec4 v0x562ae3eeb780_0, 0;
T_14.4 ;
T_14.1 ;
    %jmp T_14;
    .thread T_14;
    .scope S_0x562ae3ee9bf0;
T_15 ;
    %wait E_0x562ae3e86160;
    %load/vec4 v0x562ae3eebfb0_0;
    %nor/r;
    %flag_set/vec4 8;
    %jmp/0xz  T_15.0, 8;
    %pushi/vec4 0, 0, 1;
    %assign/vec4 v0x562ae3eebd10_0, 0;
    %jmp T_15.1;
T_15.0 ;
    %load/vec4 v0x562ae3eeb780_0;
    %pad/u 32;
    %cmpi/e 0, 0, 32;
    %jmp/0xz  T_15.2, 4;
    %pushi/vec4 1, 0, 1;
    %assign/vec4 v0x562ae3eebd10_0, 0;
    %jmp T_15.3;
T_15.2 ;
    %pushi/vec4 0, 0, 1;
    %assign/vec4 v0x562ae3eebd10_0, 0;
T_15.3 ;
T_15.1 ;
    %jmp T_15;
    .thread T_15;
    .scope S_0x562ae3e334a0;
T_16 ;
    %delay 2, 0;
    %load/vec4 v0x562ae3eed390_0;
    %inv;
    %store/vec4 v0x562ae3eed390_0, 0, 1;
    %jmp T_16;
    .thread T_16;
    .scope S_0x562ae3e334a0;
T_17 ;
    %delay 2, 0;
    %load/vec4 v0x562ae3eed4a0_0;
    %inv;
    %store/vec4 v0x562ae3eed4a0_0, 0, 1;
    %jmp T_17;
    .thread T_17;
    .scope S_0x562ae3e334a0;
T_18 ;
    %delay 0, 0;
    %pushi/vec4 1, 0, 1;
    %store/vec4 v0x562ae3eed390_0, 0, 1;
    %pushi/vec4 1, 0, 1;
    %store/vec4 v0x562ae3eed4a0_0, 0, 1;
    %pushi/vec4 0, 0, 1;
    %store/vec4 v0x562ae3eedaf0_0, 0, 1;
    %pushi/vec4 0, 0, 8;
    %store/vec4 v0x562ae3eed5b0_0, 0, 8;
    %pushi/vec4 0, 0, 8;
    %store/vec4 v0x562ae3eed6a0_0, 0, 8;
    %pushi/vec4 0, 0, 1;
    %store/vec4 v0x562ae3eedb90_0, 0, 1;
    %delay 10, 0;
    %pushi/vec4 1, 0, 1;
    %store/vec4 v0x562ae3eedaf0_0, 0, 1;
    %pushi/vec4 0, 0, 8;
    %store/vec4 v0x562ae3eed5b0_0, 0, 8;
    %pushi/vec4 0, 0, 8;
    %store/vec4 v0x562ae3eed6a0_0, 0, 8;
    %pushi/vec4 0, 0, 1;
    %store/vec4 v0x562ae3eedb90_0, 0, 1;
    %delay 5, 0;
    %pushi/vec4 215, 0, 8;
    %store/vec4 v0x562ae3eed5b0_0, 0, 8;
    %pushi/vec4 1, 0, 1;
    %store/vec4 v0x562ae3eedb90_0, 0, 1;
    %delay 2, 0;
    %pushi/vec4 245, 0, 8;
    %store/vec4 v0x562ae3eed6a0_0, 0, 8;
    %delay 2, 0;
    %pushi/vec4 0, 0, 1;
    %store/vec4 v0x562ae3eedb90_0, 0, 1;
    %pushi/vec4 0, 0, 8;
    %store/vec4 v0x562ae3eed5b0_0, 0, 8;
    %delay 2, 0;
    %pushi/vec4 0, 0, 8;
    %store/vec4 v0x562ae3eed6a0_0, 0, 8;
    %delay 520, 0;
    %pushi/vec4 1, 0, 1;
    %store/vec4 v0x562ae3eedb90_0, 0, 1;
    %load/vec4 v0x562ae3eed790_0;
    %store/vec4 v0x562ae3eed5b0_0, 0, 8;
    %load/vec4 v0x562ae3eed8f0_0;
    %store/vec4 v0x562ae3eed6a0_0, 0, 8;
    %delay 10, 0;
    %pushi/vec4 0, 0, 1;
    %store/vec4 v0x562ae3eedb90_0, 0, 1;
    %pushi/vec4 0, 0, 8;
    %store/vec4 v0x562ae3eed5b0_0, 0, 8;
    %pushi/vec4 0, 0, 8;
    %store/vec4 v0x562ae3eed6a0_0, 0, 8;
    %delay 550, 0;
    %vpi_call 2 73 "$finish" {0 0 0};
    %end;
    .thread T_18;
    .scope S_0x562ae3e334a0;
T_19 ;
    %vpi_call 2 77 "$dumpfile", "wave_spi_crc.vcd" {0 0 0};
    %vpi_call 2 78 "$dumpvars", 32'sb00000000000000000000000000000000, S_0x562ae3e334a0 {0 0 0};
    %end;
    .thread T_19;
# The file index is used to find the file name in the following table.
:file_names 6;
    "N/A";
    "<interactive>";
    "test_spi_crc.v";
    "./../rtl/spi_crc.v";
    "./../rtl/master_crc.v";
    "./../rtl/slave_crc.v";
